0 info it worked if it ends with ok
1 verbose cli [ 'C:\\Program Files\\nodejs\\node.exe',
1 verbose cli   'C:\\Users\\sunup\\AppData\\Roaming\\npm\\node_modules\\npm\\bin\\npm-cli.js',
1 verbose cli   'run',
1 verbose cli   'coba' ]
2 info using npm@4.1.1
3 info using node@v6.7.0
4 verbose run-script [ 'precoba', 'coba', 'postcoba' ]
5 info lifecycle coba@1.0.11~precoba: coba@1.0.11
6 silly lifecycle coba@1.0.11~precoba: no script for precoba, continuing
7 info lifecycle coba@1.0.11~coba: coba@1.0.11
8 verbose lifecycle coba@1.0.11~coba: unsafe-perm in lifecycle true
9 verbose lifecycle coba@1.0.11~coba: PATH: C:\Users\sunup\AppData\Roaming\npm\node_modules\npm\bin\node-gyp-bin;D:\Thesis\coba\node_modules\.bin;D:\Installers\cmder\bin;D:\Installers\cmder\vendor\conemu-maximus5\ConEmu\Scripts;D:\Installers\cmder\vendor\conemu-maximus5;D:\Installers\cmder\vendor\conemu-maximus5\ConEmu;C:\ProgramData\Oracle\Java\javapath;C:\Program Files (x86)\Python2.7\;C:\Program Files (x86)\Python2.7\Scripts;C:\WINDOWS\system32;C:\WINDOWS;C:\WINDOWS\System32\Wbem;C:\WINDOWS\System32\WindowsPowerShell\v1.0\;C:\Program Files\nodejs\;C:\HashiCorp\Vagrant\bin;C:\Program Files (x86)\Windows Kits\8.1\Windows Performance Toolkit\;C:\Ruby22-x64\bin;C:\Users\sunup\AppData\Local\Microsoft\WindowsApps;C:\Users\sunup\AppData\Roaming\npm;C:\Users\sunup\AppData\Local\atom\bin;C:\Program Files\Java\jdk1.8.0_102\bin;C:\Users\sunup\AppData\Local\GitHub\PortableGit_284a859b0e6deba86edc624fef1e4db2aa8241a9\cmd;C:\Program Files (x86)\Microsoft VS Code\bin;C:\Program Files\PostgreSQL\9.6\bin;C:\Users\sunup\AppData\Local\GitHub\PortableGit_284a859b0e6deba86edc624fef1e4db2aa8241a9\usr\bin;C:\Users\sunup\AppData\Local\GitHub\PortableGit_284a859b0e6deba86edc624fef1e4db2aa8241a9\usr\share\vim\vim74;D:\Installers\cmder\
10 verbose lifecycle coba@1.0.11~coba: CWD: D:\Thesis\coba
11 silly lifecycle coba@1.0.11~coba: Args: [ '/d /s /c', './bin/coba' ]
12 silly lifecycle coba@1.0.11~coba: Returned: code: 1  signal: null
13 info lifecycle coba@1.0.11~coba: Failed to exec coba script
14 verbose stack Error: coba@1.0.11 coba: `./bin/coba`
14 verbose stack Exit status 1
14 verbose stack     at EventEmitter.<anonymous> (C:\Users\sunup\AppData\Roaming\npm\node_modules\npm\lib\utils\lifecycle.js:279:16)
14 verbose stack     at emitTwo (events.js:106:13)
14 verbose stack     at EventEmitter.emit (events.js:191:7)
14 verbose stack     at ChildProcess.<anonymous> (C:\Users\sunup\AppData\Roaming\npm\node_modules\npm\lib\utils\spawn.js:40:14)
14 verbose stack     at emitTwo (events.js:106:13)
14 verbose stack     at ChildProcess.emit (events.js:191:7)
14 verbose stack     at maybeClose (internal/child_process.js:877:16)
14 verbose stack     at Process.ChildProcess._handle.onexit (internal/child_process.js:226:5)
15 verbose pkgid coba@1.0.11
16 verbose cwd D:\Thesis\coba
17 error Windows_NT 10.0.14393
18 error argv "C:\\Program Files\\nodejs\\node.exe" "C:\\Users\\sunup\\AppData\\Roaming\\npm\\node_modules\\npm\\bin\\npm-cli.js" "run" "coba"
19 error node v6.7.0
20 error npm  v4.1.1
21 error code ELIFECYCLE
22 error coba@1.0.11 coba: `./bin/coba`
22 error Exit status 1
23 error Failed at the coba@1.0.11 coba script './bin/coba'.
23 error Make sure you have the latest version of node.js and npm installed.
23 error If you do, this is most likely a problem with the coba package,
23 error not with npm itself.
23 error Tell the author that this fails on your system:
23 error     ./bin/coba
23 error You can get information on how to open an issue for this project with:
23 error     npm bugs coba
23 error Or if that isn't available, you can get their info via:
23 error     npm owner ls coba
23 error There is likely additional logging output above.
24 verbose exit [ 1, true ]
